\BOOKMARK [1][-]{section.1}{\376\377\212\262\230\114\0001}{}% 1
\BOOKMARK [2][-]{subsection.1.1}{\376\377\126\336\215\357\151\313\142\020\060\150\124\004\060\342\060\270\060\345\060\374\060\353\060\156\137\171\122\162}{section.1}% 2
\BOOKMARK [3][-]{subsubsection.1.1.1}{\376\377\000r\000i\000s\000c\000v\000\137\000s\000i\000n\000g\000l\000e\000\137\000c\000y\000c\000l\000e\000.\000v}{subsection.1.1}% 3
\BOOKMARK [3][-]{subsubsection.1.1.2}{\376\377\000p\000c\000\137\000u\000n\000i\000t\000.\000v}{subsection.1.1}% 4
\BOOKMARK [3][-]{subsubsection.1.1.3}{\376\377\000i\000n\000s\000t\000r\000u\000c\000t\000i\000o\000n\000\137\000m\000e\000m\000o\000r\000y\000.\000v}{subsection.1.1}% 5
\BOOKMARK [3][-]{subsubsection.1.1.4}{\376\377\000r\000e\000g\000i\000s\000t\000e\000r\000\137\000f\000i\000l\000e\000.\000v}{subsection.1.1}% 6
\BOOKMARK [3][-]{subsubsection.1.1.5}{\376\377\000a\000l\000u\000.\000v}{subsection.1.1}% 7
\BOOKMARK [3][-]{subsubsection.1.1.6}{\376\377\000c\000o\000n\000t\000r\000o\000l\000\137\000u\000n\000i\000t\000.\000v}{subsection.1.1}% 8
\BOOKMARK [3][-]{subsubsection.1.1.7}{\376\377\000s\000i\000g\000n\000\137\000e\000x\000t\000e\000n\000d\000e\000r\000.\000v}{subsection.1.1}% 9
\BOOKMARK [3][-]{subsubsection.1.1.8}{\376\377\000d\000a\000t\000a\000\137\000m\000e\000m\000o\000r\000y\000.\000v}{subsection.1.1}% 10
\BOOKMARK [2][-]{subsection.1.2}{\376\377\122\325\117\134\154\342\137\142\060\150\170\272\212\215}{section.1}% 11
\BOOKMARK [3][-]{subsubsection.1.2.1}{\376\377\000a\000d\000d\000,\000\040\000s\000u\000b\000,\000\040\000x\000o\000r\124\175\116\344}{subsection.1.2}% 12
\BOOKMARK [3][-]{subsubsection.1.2.2}{\376\377\000o\000r\000,\000\040\000a\000n\000d\000,\000\040\000s\000l\000l\000,\000\040\000s\000r\000l\124\175\116\344}{subsection.1.2}% 13
\BOOKMARK [3][-]{subsubsection.1.2.3}{\376\377\000l\000w\000,\000\040\000s\000w\124\175\116\344}{subsection.1.2}% 14
\BOOKMARK [3][-]{subsubsection.1.2.4}{\376\377\000b\000e\000q\000,\000\040\000b\000n\000e\124\175\116\344}{subsection.1.2}% 15
\BOOKMARK [3][-]{subsubsection.1.2.5}{\376\377\000j\000a\000l\124\175\116\344}{subsection.1.2}% 16
\BOOKMARK [1][-]{section.2}{\376\377\212\262\230\114\0002}{}% 17
\BOOKMARK [2][-]{subsection.2.1}{\376\377\060\342\060\301\060\331\060\374\060\267\060\347\060\363\000:\000\040\060\250\060\303\060\270\060\307\060\320\060\244\060\271\060\153\060\112\060\121\060\213\000L\000L\000M\134\125\225\213\060\156\212\262\230\114}{section.2}% 18
\BOOKMARK [2][-]{subsection.2.2}{\376\377\060\242\060\244\060\307\060\242\377\032\000F\000l\000a\000s\000h\000L\000L\000M\060\156\060\301\060\303\060\327\060\354\060\303\060\310\060\331\060\374\060\271\060\317\060\244\060\326\060\352\060\303\060\311\060\242\060\374\060\255\060\306\060\257\060\301\060\343}{section.2}% 19
\BOOKMARK [2][-]{subsection.2.3}{\376\377\122\271\147\234}{section.2}% 20
\BOOKMARK [2][-]{subsection.2.4}{\376\377\134\006\147\145\060\156\060\242\060\374\060\255\060\306\060\257\060\301\060\343\212\262\230\114\060\170\060\156\214\242\163\056}{section.2}% 21
